2010.06.10 14:05 B C:\Documents and Settings\kasutaja\Desktop\template2\fayehome\web\fancybox\blank.gif --> wolfoff.planet.ee /htdocs/faye/fancybox blank.gif
2010.06.10 14:05 B C:\Documents and Settings\kasutaja\Desktop\template2\fayehome\web\fancybox\fancy_close.png --> wolfoff.planet.ee /htdocs/faye/fancybox fancy_close.png
2010.06.10 14:05 B C:\Documents and Settings\kasutaja\Desktop\template2\fayehome\web\fancybox\fancy_loading.png --> wolfoff.planet.ee /htdocs/faye/fancybox fancy_loading.png
2010.06.10 14:05 B C:\Documents and Settings\kasutaja\Desktop\template2\fayehome\web\fancybox\fancy_nav_left.png --> wolfoff.planet.ee /htdocs/faye/fancybox fancy_nav_left.png
2010.06.10 14:05 B C:\Documents and Settings\kasutaja\Desktop\template2\fayehome\web\fancybox\fancy_nav_right.png --> wolfoff.planet.ee /htdocs/faye/fancybox fancy_nav_right.png
2010.06.10 14:05 B C:\Documents and Settings\kasutaja\Desktop\template2\fayehome\web\fancybox\fancy_shadow_e.png --> wolfoff.planet.ee /htdocs/faye/fancybox fancy_shadow_e.png
2010.06.10 14:05 B C:\Documents and Settings\kasutaja\Desktop\template2\fayehome\web\fancybox\fancy_shadow_n.png --> wolfoff.planet.ee /htdocs/faye/fancybox fancy_shadow_n.png
2010.06.10 14:05 B C:\Documents and Settings\kasutaja\Desktop\template2\fayehome\web\fancybox\fancy_shadow_ne.png --> wolfoff.planet.ee /htdocs/faye/fancybox fancy_shadow_ne.png
2010.06.10 14:05 B C:\Documents and Settings\kasutaja\Desktop\template2\fayehome\web\fancybox\fancy_shadow_nw.png --> wolfoff.planet.ee /htdocs/faye/fancybox fancy_shadow_nw.png
2010.06.10 14:05 B C:\Documents and Settings\kasutaja\Desktop\template2\fayehome\web\fancybox\fancy_shadow_s.png --> wolfoff.planet.ee /htdocs/faye/fancybox fancy_shadow_s.png
2010.06.10 14:05 B C:\Documents and Settings\kasutaja\Desktop\template2\fayehome\web\fancybox\fancy_shadow_se.png --> wolfoff.planet.ee /htdocs/faye/fancybox fancy_shadow_se.png
2010.06.10 14:05 B C:\Documents and Settings\kasutaja\Desktop\template2\fayehome\web\fancybox\fancy_shadow_sw.png --> wolfoff.planet.ee /htdocs/faye/fancybox fancy_shadow_sw.png
2010.06.10 14:05 B C:\Documents and Settings\kasutaja\Desktop\template2\fayehome\web\fancybox\fancy_shadow_w.png --> wolfoff.planet.ee /htdocs/faye/fancybox fancy_shadow_w.png
2010.06.10 14:05 B C:\Documents and Settings\kasutaja\Desktop\template2\fayehome\web\fancybox\fancy_title_left.png --> wolfoff.planet.ee /htdocs/faye/fancybox fancy_title_left.png
2010.06.10 14:05 B C:\Documents and Settings\kasutaja\Desktop\template2\fayehome\web\fancybox\fancy_title_main.png --> wolfoff.planet.ee /htdocs/faye/fancybox fancy_title_main.png
2010.06.10 14:05 B C:\Documents and Settings\kasutaja\Desktop\template2\fayehome\web\fancybox\fancy_title_over.png --> wolfoff.planet.ee /htdocs/faye/fancybox fancy_title_over.png
2010.06.10 14:05 B C:\Documents and Settings\kasutaja\Desktop\template2\fayehome\web\fancybox\fancy_title_right.png --> wolfoff.planet.ee /htdocs/faye/fancybox fancy_title_right.png
2010.06.10 14:05 B C:\Documents and Settings\kasutaja\Desktop\template2\fayehome\web\fancybox\fancybox-x.png --> wolfoff.planet.ee /htdocs/faye/fancybox fancybox-x.png
2010.06.10 14:05 B C:\Documents and Settings\kasutaja\Desktop\template2\fayehome\web\fancybox\fancybox-y.png --> wolfoff.planet.ee /htdocs/faye/fancybox fancybox-y.png
2010.06.10 14:05 B C:\Documents and Settings\kasutaja\Desktop\template2\fayehome\web\fancybox\fancybox.png --> wolfoff.planet.ee /htdocs/faye/fancybox fancybox.png
2010.06.10 14:05 B C:\Documents and Settings\kasutaja\Desktop\template2\fayehome\web\fancybox\jquery.easing-1.3.pack.js --> wolfoff.planet.ee /htdocs/faye/fancybox jquery.easing-1.3.pack.js
2010.06.10 14:05 B C:\Documents and Settings\kasutaja\Desktop\template2\fayehome\web\fancybox\jquery.fancybox-1.3.1.css --> wolfoff.planet.ee /htdocs/faye/fancybox jquery.fancybox-1.3.1.css
2010.06.10 14:05 B C:\Documents and Settings\kasutaja\Desktop\template2\fayehome\web\fancybox\jquery.fancybox-1.3.1.js --> wolfoff.planet.ee /htdocs/faye/fancybox jquery.fancybox-1.3.1.js
2010.06.10 14:05 B C:\Documents and Settings\kasutaja\Desktop\template2\fayehome\web\fancybox\jquery.fancybox-1.3.1.pack.js --> wolfoff.planet.ee /htdocs/faye/fancybox jquery.fancybox-1.3.1.pack.js
2010.06.10 14:05 B C:\Documents and Settings\kasutaja\Desktop\template2\fayehome\web\fancybox\jquery.mousewheel-3.0.2.pack.js --> wolfoff.planet.ee /htdocs/faye/fancybox jquery.mousewheel-3.0.2.pack.js
2010.06.10 14:05 B C:\Documents and Settings\kasutaja\Desktop\template2\fayehome\web\fancybox\Thumbs.db --> wolfoff.planet.ee /htdocs/faye/fancybox Thumbs.db
