2010.05.26 23:48 B C:\Documents and Settings\kasutaja\Desktop\template2\fayehome\web\img\abutton.png --> wolfoff.planet.ee /htdocs/faye/img abutton.png
2010.05.26 23:48 B C:\Documents and Settings\kasutaja\Desktop\template2\fayehome\web\img\basket.png --> wolfoff.planet.ee /htdocs/faye/img basket.png
2010.05.26 23:48 B C:\Documents and Settings\kasutaja\Desktop\template2\fayehome\web\img\fbg.png --> wolfoff.planet.ee /htdocs/faye/img fbg.png
2010.05.26 23:48 B C:\Documents and Settings\kasutaja\Desktop\template2\fayehome\web\img\logo.png --> wolfoff.planet.ee /htdocs/faye/img logo.png
2010.05.26 23:48 B C:\Documents and Settings\kasutaja\Desktop\template2\fayehome\web\img\nbutton.png --> wolfoff.planet.ee /htdocs/faye/img nbutton.png
2010.05.26 23:48 B C:\Documents and Settings\kasutaja\Desktop\template2\fayehome\web\img\searchbg.png --> wolfoff.planet.ee /htdocs/faye/img searchbg.png
2010.05.26 23:48 B C:\Documents and Settings\kasutaja\Desktop\template2\fayehome\web\img\test.png --> wolfoff.planet.ee /htdocs/faye/img test.png
2010.05.26 23:48 B C:\Documents and Settings\kasutaja\Desktop\template2\fayehome\web\img\Thumbs.db --> wolfoff.planet.ee /htdocs/faye/img Thumbs.db
2010.05.27 10:15 B C:\Documents and Settings\kasutaja\Desktop\template2\fayehome\web\img\fbg.png <-- wolfoff.planet.ee /htdocs/faye/img fbg.png
2010.05.28 10:32 B C:\Documents and Settings\kasutaja\Desktop\template2\fayehome\web\img\f.png --> wolfoff.planet.ee /htdocs/faye/img f.png
2010.05.28 10:32 B C:\Documents and Settings\kasutaja\Desktop\template2\fayehome\web\img\hiddenbg.png --> wolfoff.planet.ee /htdocs/faye/img hiddenbg.png
2010.05.28 10:32 B C:\Documents and Settings\kasutaja\Desktop\template2\fayehome\web\img\linkvahe.png --> wolfoff.planet.ee /htdocs/faye/img linkvahe.png
2010.05.28 10:32 B C:\Documents and Settings\kasutaja\Desktop\template2\fayehome\web\img\t.png --> wolfoff.planet.ee /htdocs/faye/img t.png
2010.05.28 10:32 B C:\Documents and Settings\kasutaja\Desktop\template2\fayehome\web\img\test.png --> wolfoff.planet.ee /htdocs/faye/img test.png
2010.05.28 10:32 B C:\Documents and Settings\kasutaja\Desktop\template2\fayehome\web\img\Thumbs.db --> wolfoff.planet.ee /htdocs/faye/img Thumbs.db
2010.05.28 10:32 B C:\Documents and Settings\kasutaja\Desktop\template2\fayehome\web\img\WS_FTP.LOG --> wolfoff.planet.ee /htdocs/faye/img WS_FTP.LOG
2010.06.02 21:34 B C:\Documents and Settings\kasutaja\Desktop\template2\fayehome\web\img\arrow.png --> wolfoff.planet.ee /htdocs/faye/img arrow.png
2010.06.02 21:34 B C:\Documents and Settings\kasutaja\Desktop\template2\fayehome\web\img\buttonbg.png --> wolfoff.planet.ee /htdocs/faye/img buttonbg.png
2010.06.02 21:34 B C:\Documents and Settings\kasutaja\Desktop\template2\fayehome\web\img\signbottom.png --> wolfoff.planet.ee /htdocs/faye/img signbottom.png
2010.06.02 21:34 B C:\Documents and Settings\kasutaja\Desktop\template2\fayehome\web\img\signcenter.png --> wolfoff.planet.ee /htdocs/faye/img signcenter.png
2010.06.02 21:34 B C:\Documents and Settings\kasutaja\Desktop\template2\fayehome\web\img\signtop.png --> wolfoff.planet.ee /htdocs/faye/img signtop.png
2010.06.02 21:34 B C:\Documents and Settings\kasutaja\Desktop\template2\fayehome\web\img\test.png --> wolfoff.planet.ee /htdocs/faye/img test.png
2010.06.02 21:34 B C:\Documents and Settings\kasutaja\Desktop\template2\fayehome\web\img\Thumbs.db --> wolfoff.planet.ee /htdocs/faye/img Thumbs.db
2010.06.02 21:34 B C:\Documents and Settings\kasutaja\Desktop\template2\fayehome\web\img\WS_FTP.LOG --> wolfoff.planet.ee /htdocs/faye/img WS_FTP.LOG
2010.06.10 14:05 B C:\Documents and Settings\kasutaja\Desktop\template2\fayehome\web\img\activep.png --> wolfoff.planet.ee /htdocs/faye/img activep.png
2010.06.10 14:05 B C:\Documents and Settings\kasutaja\Desktop\template2\fayehome\web\img\backto.png --> wolfoff.planet.ee /htdocs/faye/img backto.png
2010.06.10 14:05 B C:\Documents and Settings\kasutaja\Desktop\template2\fayehome\web\img\bascetbg.png --> wolfoff.planet.ee /htdocs/faye/img bascetbg.png
2010.06.10 14:05 B C:\Documents and Settings\kasutaja\Desktop\template2\fayehome\web\img\basketbottom.png --> wolfoff.planet.ee /htdocs/faye/img basketbottom.png
2010.06.10 14:05 B C:\Documents and Settings\kasutaja\Desktop\template2\fayehome\web\img\basketcenter.png --> wolfoff.planet.ee /htdocs/faye/img basketcenter.png
2010.06.10 14:05 B C:\Documents and Settings\kasutaja\Desktop\template2\fayehome\web\img\baskettop.png --> wolfoff.planet.ee /htdocs/faye/img baskettop.png
2010.06.10 14:05 B C:\Documents and Settings\kasutaja\Desktop\template2\fayehome\web\img\checked.png --> wolfoff.planet.ee /htdocs/faye/img checked.png
2010.06.10 14:05 B C:\Documents and Settings\kasutaja\Desktop\template2\fayehome\web\img\close.png --> wolfoff.planet.ee /htdocs/faye/img close.png
2010.06.10 14:05 B C:\Documents and Settings\kasutaja\Desktop\template2\fayehome\web\img\closey.png --> wolfoff.planet.ee /htdocs/faye/img closey.png
2010.06.10 14:05 B C:\Documents and Settings\kasutaja\Desktop\template2\fayehome\web\img\code.png --> wolfoff.planet.ee /htdocs/faye/img code.png
2010.06.10 14:05 B C:\Documents and Settings\kasutaja\Desktop\template2\fayehome\web\img\delite.png --> wolfoff.planet.ee /htdocs/faye/img delite.png
2010.06.10 14:05 B C:\Documents and Settings\kasutaja\Desktop\template2\fayehome\web\img\delitey.png --> wolfoff.planet.ee /htdocs/faye/img delitey.png
2010.06.10 14:05 B C:\Documents and Settings\kasutaja\Desktop\template2\fayehome\web\img\facebook.png --> wolfoff.planet.ee /htdocs/faye/img facebook.png
2010.06.10 14:05 B C:\Documents and Settings\kasutaja\Desktop\template2\fayehome\web\img\halfarrow.png --> wolfoff.planet.ee /htdocs/faye/img halfarrow.png
2010.06.10 14:05 B C:\Documents and Settings\kasutaja\Desktop\template2\fayehome\web\img\k.png --> wolfoff.planet.ee /htdocs/faye/img k.png
2010.06.10 14:05 B C:\Documents and Settings\kasutaja\Desktop\template2\fayehome\web\img\korvbg.png --> wolfoff.planet.ee /htdocs/faye/img korvbg.png
2010.06.10 14:05 B C:\Documents and Settings\kasutaja\Desktop\template2\fayehome\web\img\left.png --> wolfoff.planet.ee /htdocs/faye/img left.png
2010.06.10 14:05 B C:\Documents and Settings\kasutaja\Desktop\template2\fayehome\web\img\leftgal.png --> wolfoff.planet.ee /htdocs/faye/img leftgal.png
2010.06.10 14:05 B C:\Documents and Settings\kasutaja\Desktop\template2\fayehome\web\img\leftgaly.png --> wolfoff.planet.ee /htdocs/faye/img leftgaly.png
2010.06.10 14:05 B C:\Documents and Settings\kasutaja\Desktop\template2\fayehome\web\img\mail.png --> wolfoff.planet.ee /htdocs/faye/img mail.png
2010.06.10 14:05 B C:\Documents and Settings\kasutaja\Desktop\template2\fayehome\web\img\master.png --> wolfoff.planet.ee /htdocs/faye/img master.png
2010.06.10 14:05 B C:\Documents and Settings\kasutaja\Desktop\template2\fayehome\web\img\minus.png --> wolfoff.planet.ee /htdocs/faye/img minus.png
2010.06.10 14:05 B C:\Documents and Settings\kasutaja\Desktop\template2\fayehome\web\img\minusy.png --> wolfoff.planet.ee /htdocs/faye/img minusy.png
2010.06.10 14:05 B C:\Documents and Settings\kasutaja\Desktop\template2\fayehome\web\img\nonactivep.png --> wolfoff.planet.ee /htdocs/faye/img nonactivep.png
2010.06.10 14:05 B C:\Documents and Settings\kasutaja\Desktop\template2\fayehome\web\img\oil.jpg --> wolfoff.planet.ee /htdocs/faye/img oil.jpg
2010.06.10 14:05 B C:\Documents and Settings\kasutaja\Desktop\template2\fayehome\web\img\oilbig.jpg --> wolfoff.planet.ee /htdocs/faye/img oilbig.jpg
2010.06.10 14:05 B C:\Documents and Settings\kasutaja\Desktop\template2\fayehome\web\img\pluss.png --> wolfoff.planet.ee /htdocs/faye/img pluss.png
2010.06.10 14:05 B C:\Documents and Settings\kasutaja\Desktop\template2\fayehome\web\img\plussy.png --> wolfoff.planet.ee /htdocs/faye/img plussy.png
2010.06.10 14:05 B C:\Documents and Settings\kasutaja\Desktop\template2\fayehome\web\img\remove.png --> wolfoff.planet.ee /htdocs/faye/img remove.png
2010.06.10 14:05 B C:\Documents and Settings\kasutaja\Desktop\template2\fayehome\web\img\removey.png --> wolfoff.planet.ee /htdocs/faye/img removey.png
2010.06.10 14:05 B C:\Documents and Settings\kasutaja\Desktop\template2\fayehome\web\img\right.png --> wolfoff.planet.ee /htdocs/faye/img right.png
2010.06.10 14:05 B C:\Documents and Settings\kasutaja\Desktop\template2\fayehome\web\img\rightgal.png --> wolfoff.planet.ee /htdocs/faye/img rightgal.png
2010.06.10 14:05 B C:\Documents and Settings\kasutaja\Desktop\template2\fayehome\web\img\rightgaly.png --> wolfoff.planet.ee /htdocs/faye/img rightgaly.png
2010.06.10 14:05 B C:\Documents and Settings\kasutaja\Desktop\template2\fayehome\web\img\s.png --> wolfoff.planet.ee /htdocs/faye/img s.png
2010.06.10 14:05 B C:\Documents and Settings\kasutaja\Desktop\template2\fayehome\web\img\sublinkarrow.png --> wolfoff.planet.ee /htdocs/faye/img sublinkarrow.png
2010.06.10 14:05 B C:\Documents and Settings\kasutaja\Desktop\template2\fayehome\web\img\test.png --> wolfoff.planet.ee /htdocs/faye/img test.png
2010.06.10 14:05 B C:\Documents and Settings\kasutaja\Desktop\template2\fayehome\web\img\thumbbg.png --> wolfoff.planet.ee /htdocs/faye/img thumbbg.png
2010.06.10 14:05 B C:\Documents and Settings\kasutaja\Desktop\template2\fayehome\web\img\Thumbs.db --> wolfoff.planet.ee /htdocs/faye/img Thumbs.db
2010.06.10 14:05 B C:\Documents and Settings\kasutaja\Desktop\template2\fayehome\web\img\twet.png --> wolfoff.planet.ee /htdocs/faye/img twet.png
2010.06.10 14:05 B C:\Documents and Settings\kasutaja\Desktop\template2\fayehome\web\img\unchecked.png --> wolfoff.planet.ee /htdocs/faye/img unchecked.png
2010.06.10 14:05 B C:\Documents and Settings\kasutaja\Desktop\template2\fayehome\web\img\visa.png --> wolfoff.planet.ee /htdocs/faye/img visa.png
2010.06.10 14:05 B C:\Documents and Settings\kasutaja\Desktop\template2\fayehome\web\img\WS_FTP.LOG --> wolfoff.planet.ee /htdocs/faye/img WS_FTP.LOG
2010.06.10 14:05 B C:\Documents and Settings\kasutaja\Desktop\template2\fayehome\web\img\zoom.png --> wolfoff.planet.ee /htdocs/faye/img zoom.png
2010.06.12 22:05 B C:\Documents and Settings\kasutaja\Desktop\template2\fayehome\web\img\droparrow.png --> wolfoff.planet.ee /htdocs/faye/img droparrow.png
2010.06.12 22:05 B C:\Documents and Settings\kasutaja\Desktop\template2\fayehome\web\img\removebig.png --> wolfoff.planet.ee /htdocs/faye/img removebig.png
2010.06.12 22:05 B C:\Documents and Settings\kasutaja\Desktop\template2\fayehome\web\img\removebigy.png --> wolfoff.planet.ee /htdocs/faye/img removebigy.png
2010.06.12 22:05 B C:\Documents and Settings\kasutaja\Desktop\template2\fayehome\web\img\test.png --> wolfoff.planet.ee /htdocs/faye/img test.png
2010.06.12 22:05 B C:\Documents and Settings\kasutaja\Desktop\template2\fayehome\web\img\Thumbs.db --> wolfoff.planet.ee /htdocs/faye/img Thumbs.db
2010.06.12 22:05 B C:\Documents and Settings\kasutaja\Desktop\template2\fayehome\web\img\WS_FTP.LOG --> wolfoff.planet.ee /htdocs/faye/img WS_FTP.LOG
